{
  "RSpec": {
    "coverage": {
      "/Users/sosedoff/Magnum/addon-flowdock/lib/magnum/addons/flowdock.rb": [
        1,
        1,
        1,
        null,
        1,
        1,
        null,
        1,
        1,
        1,
        1,
        5,
        null,
        5,
        null,
        null,
        1,
        4,
        3,
        null,
        null,
        null,
        null
      ],
      "/Users/sosedoff/Magnum/addon-flowdock/lib/magnum/addons/flowdock/error.rb": [
        1,
        1,
        1,
        1,
        null,
        null,
        null
      ],
      "/Users/sosedoff/Magnum/addon-flowdock/lib/magnum/addons/flowdock/message.rb": [
        1,
        1,
        1,
        1,
        1,
        null,
        1,
        15,
        2,
        null,
        null,
        13,
        null,
        null,
        1,
        13,
        null,
        null,
        null,
        null,
        null,
        null,
        null,
        null,
        13,
        13,
        null,
        null,
        13,
        null,
        null,
        null,
        null,
        null
      ]
    },
    "timestamp": 1383716679
  }
}
